--------- beginning of main
06-30 13:46:48.630 29434 29434 I VRI[MainActivity]@b1c124d: ViewPostIme pointer 0
06-30 13:46:48.638 29434 29434 I VRI[MainActivity]@b1c124d: call setFrameRateCategory for touch hint category=high hint, reason=touch, vri=VRI[MainActivity]@b1c124d
06-30 13:46:48.640 29434 29434 I VRI[MainActivity]@b1c124d: ViewPostIme pointer 1
06-30 13:46:48.645 29434 29434 D RuntimeClientVM: Connecting to runtime endpoint=unresolved identity=aetherlink-dev-runtime
06-30 13:46:48.647 29434 29434 E RuntimeClientVM: Runtime connection failed code=remote_routes_unavailable diagnostic=route_diagnostic_local_missing_remote_pending target=endpoint=unresolved identity=aetherlink-dev-runtime
06-30 13:46:48.647 29434 29434 E RuntimeClientVM: com.localagentbridge.android.core.transport.RuntimeConnectionFailure: No connectable runtime route resolved for target
06-30 13:46:48.647 29434 29434 E RuntimeClientVM: 	at com.localagentbridge.android.core.transport.RuntimeConnectionManager.connectWithRoute(RuntimeConnectionManager.kt:324)
06-30 13:46:48.647 29434 29434 E RuntimeClientVM: 	at com.localagentbridge.android.core.transport.RuntimeConnectionManager.connectWithRoute$default(RuntimeConnectionManager.kt:293)
06-30 13:46:48.647 29434 29434 E RuntimeClientVM: 	at com.localagentbridge.android.runtime.RuntimeClientViewModel.connectToRuntime(RuntimeClientViewModel.kt:2153)
06-30 13:46:48.647 29434 29434 E RuntimeClientVM: 	at com.localagentbridge.android.runtime.RuntimeClientViewModel.connectToRuntime$default(RuntimeClientViewModel.kt:2084)
06-30 13:46:48.647 29434 29434 E RuntimeClientVM: 	at com.localagentbridge.android.runtime.RuntimeClientViewModel$connectToTrustedRuntime$1.invokeSuspend(RuntimeClientViewModel.kt:1039)
06-30 13:46:48.647 29434 29434 E RuntimeClientVM: 	at kotlin.coroutines.jvm.internal.BaseContinuationImpl.resumeWith(ContinuationImpl.kt:34)
06-30 13:46:48.647 29434 29434 E RuntimeClientVM: 	at kotlinx.coroutines.internal.DispatchedContinuationKt.resumeCancellableWith(DispatchedContinuation.kt:375)
06-30 13:46:48.647 29434 29434 E RuntimeClientVM: 	at kotlinx.coroutines.intrinsics.CancellableKt.startCoroutineCancellable(Cancellable.kt:26)
06-30 13:46:48.647 29434 29434 E RuntimeClientVM: 	at kotlinx.coroutines.CoroutineStart.invoke(CoroutineStart.kt:358)
06-30 13:46:48.647 29434 29434 E RuntimeClientVM: 	at kotlinx.coroutines.AbstractCoroutine.start(AbstractCoroutine.kt:134)
06-30 13:46:48.647 29434 29434 E RuntimeClientVM: 	at kotlinx.coroutines.BuildersKt__Builders_commonKt.launch(Builders.common.kt:53)
06-30 13:46:48.647 29434 29434 E RuntimeClientVM: 	at kotlinx.coroutines.BuildersKt.launch(Unknown Source:1)
06-30 13:46:48.647 29434 29434 E RuntimeClientVM: 	at kotlinx.coroutines.BuildersKt__Builders_commonKt.launch$default(Builders.common.kt:44)
06-30 13:46:48.647 29434 29434 E RuntimeClientVM: 	at kotlinx.coroutines.BuildersKt.launch$default(Unknown Source:1)
06-30 13:46:48.647 29434 29434 E RuntimeClientVM: 	at com.localagentbridge.android.runtime.RuntimeClientViewModel.connectToTrustedRuntime(RuntimeClientViewModel.kt:1025)
06-30 13:46:48.647 29434 29434 E RuntimeClientVM: 	at com.localagentbridge.android.MainActivityKt$LocalAgentBridgeApp$5$1$1$8$1$5$1$5$1.invoke(MainActivity.kt:696)
06-30 13:46:48.647 29434 29434 E RuntimeClientVM: 	at com.localagentbridge.android.MainActivityKt$LocalAgentBridgeApp$5$1$1$8$1$5$1$5$1.invoke(MainActivity.kt:696)
06-30 13:46:48.647 29434 29434 E RuntimeClientVM: 	at com.localagentbridge.android.ui.ClientScreensKt.ChatEmptyState$lambda$0$3$0(ClientScreens.kt:3008)
06-30 13:46:48.647 29434 29434 E RuntimeClientVM: 	at com.localagentbridge.android.ui.ClientScreensKt.$r8$lambda$tbc3Evyp-zlTsIEM8MPHZ-bxy6g(Unknown Source:0)
06-30 13:46:48.647 29434 29434 E RuntimeClientVM: 	at com.localagentbridge.android.ui.ClientScreensKt$$ExternalSyntheticLambda219.invoke(D8$$SyntheticClass:0)
06-30 13:46:48.647 29434 29434 E RuntimeClientVM: 	at androidx.compose.foundation.ClickableNode.handleUpEvent(Clickable.kt:958)
06-30 13:46:48.647 29434 29434 E RuntimeClientVM: 	at androidx.compose.foundation.ClickableNode.onPointerEvent-H0pRuoY(Clickable.kt:895)
06-30 13:46:48.647 29434 29434 E RuntimeClientVM: 	at androidx.compose.ui.input.pointer.Node.dispatchMainEventPass(HitPathTracker.kt:446)
06-30 13:46:48.647 29434 29434 E RuntimeClientVM: 	at androidx.compose.ui.input.pointer.Node.dispatchMainEventPass(HitPathTracker.kt:432)
06-30 13:46:48.647 29434 29434 E RuntimeClientVM: 	at androidx.compose.ui.input.pointer.Node.dispatchMainEventPass(HitPathTracker.kt:432)
06-30 13:46:48.647 29434 29434 E RuntimeClientVM: 	at androidx.compose.ui.input.pointer.Node.dispatchMainEventPass(HitPathTracker.kt:432)
06-30 13:46:48.647 29434 29434 E RuntimeClientVM: 	at androidx.compose.ui.input.pointer.NodeParent.dispatchMainEventPass(HitPathTracker.kt:285)
06-30 13:46:48.647 29434 29434 E RuntimeClientVM: 	at androidx.compose.ui.input.pointer.HitPathTracker.dispatchChanges(HitPathTracker.kt:181)
06-30 13:46:48.647 29434 29434 E RuntimeClientVM: 	at androidx.compose.ui.input.pointer.PointerInputEventProcessor.process-BIzXfog(PointerInputEventProcessor.kt:118)
06-30 13:46:48.647 29434 29434 E RuntimeClientVM: 	at androidx.compose.ui.platform.AndroidComposeView.sendMotionEvent-8iAsVTc(AndroidComposeView.android.kt:2870)
06-30 13:46:48.647 29434 29434 E RuntimeClientVM: 	at androidx.compose.ui.platform.AndroidComposeView.handleMotionEvent-8iAsVTc(AndroidComposeView.android.kt:2812)
06-30 13:46:48.647 29434 29434 E RuntimeClientVM: 	at androidx.compose.ui.platform.AndroidComposeView.dispatchTouchEvent(AndroidComposeView.android.kt:2650)
06-30 13:46:48.647 29434 29434 E RuntimeClientVM: 	at android.view.ViewGroup.dispatchTransformedTouchEvent(ViewGroup.java:3458)
06-30 13:46:48.647 29434 29434 E RuntimeClientVM: 	at android.view.ViewGroup.dispatchTouchEvent(ViewGroup.java:3134)
06-30 13:46:48.647 29434 29434 E RuntimeClientVM: 	at android.view.ViewGroup.dispatchTransformedTouchEvent(ViewGroup.java:3458)
06-30 13:46:48.647 29434 29434 E RuntimeClientVM: 	at android.view.ViewGroup.dispatchTouchEvent(ViewGroup.java:3134)
06-30 13:46:48.647 29434 29434 E RuntimeClientVM: 	at android.view.ViewGroup.dispatchTransformedTouchEvent(ViewGroup.java:3458)
06-30 13:46:48.647 29434 29434 E RuntimeClientVM: 	at android.view.ViewGroup.dispatchTouchEvent(ViewGroup.java:3134)
06-30 13:46:48.647 29434 29434 E RuntimeClientVM: 	at android.view.ViewGroup.dispatchTransformedTouchEvent(ViewGroup.java:3458)
06-30 13:46:48.647 29434 29434 E RuntimeClientVM: 	at android.view.ViewGroup.dispatchTouchEvent(ViewGroup.java:3134)
06-30 13:46:48.647 29434 29434 E RuntimeClientVM: 	at com.android.internal.policy.DecorView.superDispatchTouchEvent(DecorView.java:1209)
06-30 13:46:48.647 29434 29434 E RuntimeClientVM: 	at com.android.internal.policy.PhoneWindow.superDispatchTouchEvent(PhoneWindow.java:2278)
06-30 13:46:48.647 29434 29434 E RuntimeClientVM: 	at android.app.Activity.dispatchTouchEvent(Activity.java:4925)
06-30 13:46:48.647 29434 29434 E RuntimeClientVM: 	at com.android.internal.policy.DecorView.dispatchTouchEvent(DecorView.java:1147)
06-30 13:46:48.647 29434 29434 E RuntimeClientVM: 	at android.view.View.dispatchPointerEvent(View.java:17887)
06-30 13:46:48.647 29434 29434 E RuntimeClientVM: 	at android.view.ViewRootImpl$ViewPostImeInputStage.processPointerEvent(ViewRootImpl.java:9950)
06-30 13:46:48.647 29434 29434 E RuntimeClientVM: 	at android.view.ViewRootImpl$ViewPostImeInputStage.onProcess(ViewRootImpl.java:9661)
06-30 13:46:48.647 29434 29434 E RuntimeClientVM: 	at android.view.ViewRootImpl$InputStage.deliver(ViewRootImpl.java:8994)
06-30 13:46:48.647 29434 29434 E RuntimeClientVM: 	at android.view.ViewRootImpl$InputStage.onDeliverToNext(ViewRootImpl.java:9051)
06-30 13:46:48.647 29434 29434 E RuntimeClientVM: 	at android.view.ViewRootImpl$InputStage.forward(ViewRootImpl.java:9017)
06-30 13:46:48.647 29434 29434 E RuntimeClientVM: 	at android.view.ViewRootImpl$AsyncInputStage.forward(ViewRootImpl.java:9222)
06-30 13:46:48.647 29434 29434 E RuntimeClientVM: 	at android.view.ViewRootImpl$InputStage.apply(ViewRootImpl.java:9025)
06-30 13:46:48.647 29434 29434 E RuntimeClientVM: 	at android.view.ViewRootImpl$AsyncInputStage.apply(ViewRootImpl.java:9279)
06-30 13:46:48.647 29434 29434 E RuntimeClientVM: 	at android.view.ViewRootImpl$InputStage.deliver(ViewRootImpl.java:8998)
06-30 13:46:48.647 29434 29434 E RuntimeClientVM: 	at android.view.ViewRootImpl$InputStage.onDeliverToNext(ViewRootImpl.java:9051)
06-30 13:46:48.647 29434 29434 E RuntimeClientVM: 	at android.view.ViewRootImpl$InputStage.forward(ViewRootImpl.java:9017)
06-30 13:46:48.647 29434 29434 E RuntimeClientVM: 	at android.view.ViewRootImpl$InputStage.apply(ViewRootImpl.java:9025)
06-30 13:46:48.647 29434 29434 E RuntimeClientVM: 	at android.view.ViewRootImpl$InputStage.deliver(ViewRootImpl.java:8998)
06-30 13:46:48.647 29434 29434 E RuntimeClientVM: 	at android.view.ViewRootImpl.deliverInputEvent(ViewRootImpl.java:12916)
06-30 13:46:48.647 29434 29434 E RuntimeClientVM: 	at android.view.ViewRootImpl.doProcessInputEvents(ViewRootImpl.java:12804)
06-30 13:46:48.647 29434 29434 E RuntimeClientVM: 	at android.view.ViewRootImpl.enqueueInputEvent(ViewRootImpl.java:12759)
06-30 13:46:48.647 29434 29434 E RuntimeClientVM: 	at android.view.ViewRootImpl.processRawInputEvent(ViewRootImpl.java:13274)
06-30 13:46:48.647 29434 29434 E RuntimeClientVM: 	at android.view.ViewRootImpl$WindowInputEventReceiver.onInputEvent(ViewRootImpl.java:13052)
06-30 13:46:48.647 29434 29434 E RuntimeClientVM: 	at android.view.InputEventReceiver.dispatchInputEvent(InputEventReceiver.java:369)
06-30 13:46:48.647 29434 29434 E RuntimeClientVM: 	at android.os.MessageQueue.nativePollOnce(Native Method)
06-30 13:46:48.647 29434 29434 E RuntimeClientVM: 	at android.os.MessageQueue.nextLegacy(MessageQueue.java:985)
06-30 13:46:48.647 29434 29434 E RuntimeClientVM: 	at android.os.MessageQueue.next(MessageQueue.java:1094)
06-30 13:46:48.647 29434 29434 E RuntimeClientVM: 	at android.os.Looper.loopOnce(Looper.java:222)
06-30 13:46:48.647 29434 29434 E RuntimeClientVM: 	at android.os.Looper.loop(Looper.java:392)
06-30 13:46:48.647 29434 29434 E RuntimeClientVM: 	at android.app.ActivityThread.main(ActivityThread.java:10346)
06-30 13:46:48.647 29434 29434 E RuntimeClientVM: 	at java.lang.reflect.Method.invoke(Native Method)
06-30 13:46:48.647 29434 29434 E RuntimeClientVM: 	at com.android.internal.os.RuntimeInit$MethodAndArgsCaller.run(RuntimeInit.java:638)
06-30 13:46:48.647 29434 29434 E RuntimeClientVM: 	at com.android.internal.os.ZygoteInit.main(ZygoteInit.java:972)
06-30 13:46:48.674 29434 29434 I View    : setRequestedFrameRate frameRate=NaN, this=androidx.compose.ui.platform.AndroidComposeView{c8ca101 VFED..... ........ 0,0-1440,3120 aid=1073741824}, caller=android.view.ViewGroup.setRequestedFrameRate:10045 androidx.compose.ui.platform.Api35Impl.setRequestedFrameRate:4033 androidx.compose.ui.platform.AndroidComposeView.dispatchDraw:2248 android.view.View.draw:26758 android.view.View.updateDisplayListIfDirty:25577 
06-30 13:46:48.674 29434 29434 I View    : setRequestedFrameRate frameRate=-4.0, this=android.view.View{aa8d041 V.ED..... ........ 0,0-0,0}, caller=androidx.compose.ui.platform.Api35Impl.setRequestedFrameRate:4033 androidx.compose.ui.platform.AndroidComposeView.dispatchDraw:2251 android.view.View.draw:26758 android.view.View.updateDisplayListIfDirty:25577 android.view.ViewGroup.recreateChildDisplayList:4881 
06-30 13:46:48.709 29434 29434 I View    : setRequestedFrameRate frameRate=NaN, this=androidx.compose.ui.platform.AndroidComposeView{c8ca101 VFED..... ........ 0,0-1440,3120 aid=1073741824}, caller=android.view.ViewGroup.setRequestedFrameRate:10045 androidx.compose.ui.platform.Api35Impl.setRequestedFrameRate:4033 androidx.compose.ui.platform.AndroidComposeView.dispatchDraw:2248 android.view.View.draw:26758 android.view.View.updateDisplayListIfDirty:25577 
06-30 13:46:48.709 29434 29434 I View    : setRequestedFrameRate frameRate=NaN, this=android.view.View{aa8d041 V.ED..... ........ 0,0-0,0}, caller=androidx.compose.ui.platform.Api35Impl.setRequestedFrameRate:4033 androidx.compose.ui.platform.AndroidComposeView.dispatchDraw:2251 android.view.View.draw:26758 android.view.View.updateDisplayListIfDirty:25577 android.view.ViewGroup.recreateChildDisplayList:4881 
06-30 13:46:51.650 29434 29434 I VRI[MainActivity]@b1c124d: call setFrameRateCategory for touch hint category=no preference, reason=boost timeout, vri=VRI[MainActivity]@b1c124d
