--------- beginning of main
06-30 13:40:14.474 28218 28218 D RuntimeClientVM: Connecting to runtime endpoint=127.0.0.1:43170 source=PairingQr identity=aetherlink-dev-runtime
06-30 13:40:14.534 28218 28218 I View    : setRequestedFrameRate frameRate=NaN, this=androidx.compose.ui.platform.AndroidComposeView{c8ca101 VFED..... ......ID 0,0-1440,3120 aid=1073741824}, caller=android.view.ViewGroup.setRequestedFrameRate:10045 androidx.compose.ui.platform.Api35Impl.setRequestedFrameRate:4033 androidx.compose.ui.platform.AndroidComposeView.dispatchDraw:2248 android.view.View.draw:26758 android.view.View.updateDisplayListIfDirty:25577 
06-30 13:40:14.535 28218 28218 I View    : setRequestedFrameRate frameRate=-4.0, this=android.view.View{aa8d041 V.ED..... ........ 0,0-0,0}, caller=androidx.compose.ui.platform.Api35Impl.setRequestedFrameRate:4033 androidx.compose.ui.platform.AndroidComposeView.dispatchDraw:2251 android.view.View.draw:26758 android.view.View.updateDisplayListIfDirty:25577 android.view.ViewGroup.recreateChildDisplayList:4881 
06-30 13:40:14.535 28218 28218 I View    : setRequestedFrameRate frameRate=NaN, this=androidx.compose.ui.platform.AndroidComposeView{c8ca101 VFED..... ........ 0,0-1440,3120 aid=1073741824}, caller=android.view.ViewGroup.setRequestedFrameRate:10045 androidx.compose.ui.platform.Api35Impl.setRequestedFrameRate:4033 androidx.compose.ui.platform.AndroidComposeView.dispatchDraw:2248 android.view.View.draw:26758 android.view.View.updateDisplayListIfDirty:25577 
06-30 13:40:14.535 28218 28218 I View    : setRequestedFrameRate frameRate=NaN, this=android.view.View{aa8d041 V.ED..... ........ 0,0-0,0}, caller=androidx.compose.ui.platform.Api35Impl.setRequestedFrameRate:4033 androidx.compose.ui.platform.AndroidComposeView.dispatchDraw:2251 android.view.View.draw:26758 android.view.View.updateDisplayListIfDirty:25577 android.view.ViewGroup.recreateChildDisplayList:4881 
06-30 13:40:14.535 28218 28218 D RuntimeClientVM: Connected to runtime endpoint=127.0.0.1:43170 source=PairingQr identity=aetherlink-dev-runtime route=direct=127.0.0.1:43170 source=PairingQr
06-30 13:40:14.567 28218 28218 I View    : setRequestedFrameRate frameRate=NaN, this=androidx.compose.ui.platform.AndroidComposeView{c8ca101 VFED..... ......ID 0,0-1440,3120 aid=1073741824}, caller=android.view.ViewGroup.setRequestedFrameRate:10045 androidx.compose.ui.platform.Api35Impl.setRequestedFrameRate:4033 androidx.compose.ui.platform.AndroidComposeView.dispatchDraw:2248 android.view.View.draw:26758 android.view.View.updateDisplayListIfDirty:25577 
06-30 13:40:14.567 28218 28218 I View    : setRequestedFrameRate frameRate=-4.0, this=android.view.View{aa8d041 V.ED..... ........ 0,0-0,0}, caller=androidx.compose.ui.platform.Api35Impl.setRequestedFrameRate:4033 androidx.compose.ui.platform.AndroidComposeView.dispatchDraw:2251 android.view.View.draw:26758 android.view.View.updateDisplayListIfDirty:25577 android.view.ViewGroup.recreateChildDisplayList:4881 
06-30 13:40:14.568 28218 28218 D RuntimeClientVM: Sending pairing.request request_id=17dc320a-0967-439e-9236-30918f2ddcbd
06-30 13:40:14.572 28218 28218 I View    : setRequestedFrameRate frameRate=NaN, this=androidx.compose.ui.platform.AndroidComposeView{c8ca101 VFED..... ........ 0,0-1440,3120 aid=1073741824}, caller=android.view.ViewGroup.setRequestedFrameRate:10045 androidx.compose.ui.platform.Api35Impl.setRequestedFrameRate:4033 androidx.compose.ui.platform.AndroidComposeView.dispatchDraw:2248 android.view.View.draw:26758 android.view.View.updateDisplayListIfDirty:25577 
06-30 13:40:14.572 28218 28218 I View    : setRequestedFrameRate frameRate=NaN, this=android.view.View{aa8d041 V.ED..... ........ 0,0-0,0}, caller=androidx.compose.ui.platform.Api35Impl.setRequestedFrameRate:4033 androidx.compose.ui.platform.AndroidComposeView.dispatchDraw:2251 android.view.View.draw:26758 android.view.View.updateDisplayListIfDirty:25577 android.view.ViewGroup.recreateChildDisplayList:4881 
06-30 13:40:14.579 28218 28218 D RuntimeClientVM: Received pairing.result request_id=17dc320a-0967-439e-9236-30918f2ddcbd
06-30 13:40:14.586 28218 28218 D RuntimeClientVM: Sending runtime.health request_id=1f677a37-ecd6-4622-bbde-3ba92fcbd4ee
06-30 13:40:14.586 28218 28218 D RuntimeClientVM: Sending chat.sessions.list request_id=b20c1c40-2582-4b60-b96b-f1bc202b1929
06-30 13:40:14.587 28218 28218 D RuntimeClientVM: Sending memory.list request_id=bfd9ff36-9ef8-4e5a-a415-40ac92fd466e
06-30 13:40:14.589 28218 28218 D RuntimeClientVM: Received memory.list request_id=bfd9ff36-9ef8-4e5a-a415-40ac92fd466e
06-30 13:40:14.597 28218 28218 I View    : setRequestedFrameRate frameRate=NaN, this=androidx.compose.ui.platform.AndroidComposeView{c8ca101 VFED..... ........ 0,0-1440,3120 aid=1073741824}, caller=android.view.ViewGroup.setRequestedFrameRate:10045 androidx.compose.ui.platform.Api35Impl.setRequestedFrameRate:4033 androidx.compose.ui.platform.AndroidComposeView.dispatchDraw:2248 android.view.View.draw:26758 android.view.View.updateDisplayListIfDirty:25577 
06-30 13:40:14.597 28218 28218 I View    : setRequestedFrameRate frameRate=NaN, this=android.view.View{aa8d041 V.ED..... ........ 0,0-0,0}, caller=androidx.compose.ui.platform.Api35Impl.setRequestedFrameRate:4033 androidx.compose.ui.platform.AndroidComposeView.dispatchDraw:2251 android.view.View.draw:26758 android.view.View.updateDisplayListIfDirty:25577 android.view.ViewGroup.recreateChildDisplayList:4881 
06-30 13:40:14.627 28218 28218 D RuntimeClientVM: Received runtime.health request_id=1f677a37-ecd6-4622-bbde-3ba92fcbd4ee
06-30 13:40:14.628 28218 28218 D RuntimeClientVM: Sending models.list request_id=afaa80d7-3f10-4aad-a00e-7c2bdc150d27
06-30 13:40:14.628 28218 28218 D RuntimeClientVM: Sending memory.list request_id=a3f5ad8a-e35b-483f-8143-0e6f4ffaec06
06-30 13:40:14.630 28218 28218 D RuntimeClientVM: Received chat.sessions.list request_id=b20c1c40-2582-4b60-b96b-f1bc202b1929
06-30 13:40:14.631 28218 28218 D RuntimeClientVM: Received memory.list request_id=a3f5ad8a-e35b-483f-8143-0e6f4ffaec06
06-30 13:40:14.639 28218 28218 I View    : setRequestedFrameRate frameRate=NaN, this=androidx.compose.ui.platform.AndroidComposeView{c8ca101 VFED..... ........ 0,0-1440,3120 aid=1073741824}, caller=android.view.ViewGroup.setRequestedFrameRate:10045 androidx.compose.ui.platform.Api35Impl.setRequestedFrameRate:4033 androidx.compose.ui.platform.AndroidComposeView.dispatchDraw:2248 android.view.View.draw:26758 android.view.View.updateDisplayListIfDirty:25577 
06-30 13:40:14.639 28218 28218 I View    : setRequestedFrameRate frameRate=NaN, this=android.view.View{aa8d041 V.ED..... ........ 0,0-0,0}, caller=androidx.compose.ui.platform.Api35Impl.setRequestedFrameRate:4033 androidx.compose.ui.platform.AndroidComposeView.dispatchDraw:2251 android.view.View.draw:26758 android.view.View.updateDisplayListIfDirty:25577 android.view.ViewGroup.recreateChildDisplayList:4881 
06-30 13:40:14.668 28218 28218 D RuntimeClientVM: Received models.list request_id=afaa80d7-3f10-4aad-a00e-7c2bdc150d27
06-30 13:40:14.689 28218 28218 I View    : setRequestedFrameRate frameRate=NaN, this=androidx.compose.ui.platform.AndroidComposeView{c8ca101 VFED..... ......ID 0,0-1440,3120 aid=1073741824}, caller=android.view.ViewGroup.setRequestedFrameRate:10045 androidx.compose.ui.platform.Api35Impl.setRequestedFrameRate:4033 androidx.compose.ui.platform.AndroidComposeView.dispatchDraw:2248 android.view.View.draw:26758 android.view.View.updateDisplayListIfDirty:25577 
06-30 13:40:14.689 28218 28218 I View    : setRequestedFrameRate frameRate=-4.0, this=android.view.View{aa8d041 V.ED..... ........ 0,0-0,0}, caller=androidx.compose.ui.platform.Api35Impl.setRequestedFrameRate:4033 androidx.compose.ui.platform.AndroidComposeView.dispatchDraw:2251 android.view.View.draw:26758 android.view.View.updateDisplayListIfDirty:25577 android.view.ViewGroup.recreateChildDisplayList:4881 
06-30 13:40:14.691 28218 28218 I View    : setRequestedFrameRate frameRate=NaN, this=androidx.compose.ui.platform.AndroidComposeView{c8ca101 VFED..... ........ 0,0-1440,3120 aid=1073741824}, caller=android.view.ViewGroup.setRequestedFrameRate:10045 androidx.compose.ui.platform.Api35Impl.setRequestedFrameRate:4033 androidx.compose.ui.platform.AndroidComposeView.dispatchDraw:2248 android.view.View.draw:26758 android.view.View.updateDisplayListIfDirty:25577 
06-30 13:40:14.691 28218 28218 I View    : setRequestedFrameRate frameRate=NaN, this=android.view.View{aa8d041 V.ED..... ........ 0,0-0,0}, caller=androidx.compose.ui.platform.Api35Impl.setRequestedFrameRate:4033 androidx.compose.ui.platform.AndroidComposeView.dispatchDraw:2251 android.view.View.draw:26758 android.view.View.updateDisplayListIfDirty:25577 android.view.ViewGroup.recreateChildDisplayList:4881 
